<?xml version="1.0" encoding="UTF-8"?>
<!-- Generated by org.testng.reporters.JUnitReportReporter -->
<testsuite hostname="GAVISHs-MacBook-Pro.local" failures="0" tests="3" name="com.crm.qa.testcases.LoginPageTest" time="19.948" errors="0" timestamp="11 Apr. 2023 05:14:46 GMT" skipped="0">
  <testcase classname="com.crm.qa.testcases.LoginPageTest" name="validateLoginPageTitleTest" time="4.723"/>
  <testcase classname="com.crm.qa.testcases.LoginPageTest" name="crmLogoImageTest" time="5.146"/>
  <testcase classname="com.crm.qa.testcases.LoginPageTest" name="loginTest" time="10.079"/>
</testsuite> <!-- com.crm.qa.testcases.LoginPageTest -->
