<?xml version="1.0" encoding="UTF-8"?>
<!-- Generated by org.testng.reporters.JUnitReportReporter -->
<testsuite hostname="GAVISHs-MacBook-Pro.local" failures="0" tests="3" name="com.crm.qa.testcases.LoginPageTest" time="20.501" errors="0" timestamp="11 Apr. 2023 09:56:22 GMT" skipped="0">
  <testcase classname="com.crm.qa.testcases.LoginPageTest" name="validateLoginPageTitleTest" time="5.113"/>
  <testcase classname="com.crm.qa.testcases.LoginPageTest" name="crmLogoImageTest" time="5.263"/>
  <testcase classname="com.crm.qa.testcases.LoginPageTest" name="loginTest" time="10.125"/>
</testsuite> <!-- com.crm.qa.testcases.LoginPageTest -->
