<?xml version="1.0" encoding="UTF-8"?>
<!-- Generated by org.testng.reporters.JUnitReportReporter -->
<testsuite hostname="GAVISHs-MacBook-Pro.local" failures="0" tests="3" name="com.crm.qa.testcases.HomePageTest" time="32.728" errors="0" timestamp="11 Apr. 2023 09:56:22 GMT" skipped="0">
  <testcase classname="com.crm.qa.testcases.HomePageTest" name="verifyHomePageTitleTest" time="10.173"/>
  <testcase classname="com.crm.qa.testcases.HomePageTest" name="verifyCorrectUserNameTest" time="10.577"/>
  <testcase classname="com.crm.qa.testcases.HomePageTest" name="verifyContactsLinkTest" time="11.978"/>
</testsuite> <!-- com.crm.qa.testcases.HomePageTest -->
